c:\users\julio\desktop\magia\desarrollo\grafico\principiosdecg\poligonoschidos\x64\debug\vc141.pdb
c:\users\julio\desktop\magia\desarrollo\grafico\principiosdecg\poligonoschidos\x64\debug\vc141.idb
c:\users\julio\desktop\magia\desarrollo\grafico\principiosdecg\poligonoschidos\x64\debug\poligonos.obj
c:\users\julio\desktop\magia\desarrollo\grafico\principiosdecg\poligonoschidos\x64\debug\application.obj
c:\users\julio\desktop\magia\desarrollo\grafico\principiosdecg\poligonoschidos\x64\debug\pixel.obj
c:\users\julio\desktop\magia\desarrollo\grafico\principiosdecg\poligonoschidos\x64\debug\plane.obj
c:\users\julio\desktop\magia\desarrollo\grafico\principiosdecg\poligonoschidos\x64\debug\shaderfuncs.obj
c:\users\julio\desktop\magia\desarrollo\grafico\principiosdecg\x64\debug\poligonoschidos.pdb
c:\users\julio\desktop\magia\desarrollo\grafico\principiosdecg\poligonoschidos\x64\debug\poligonoschidos.tlog\cl.command.1.tlog
c:\users\julio\desktop\magia\desarrollo\grafico\principiosdecg\poligonoschidos\x64\debug\poligonoschidos.tlog\cl.read.1.tlog
c:\users\julio\desktop\magia\desarrollo\grafico\principiosdecg\poligonoschidos\x64\debug\poligonoschidos.tlog\cl.write.1.tlog
c:\users\julio\desktop\magia\desarrollo\grafico\principiosdecg\poligonoschidos\x64\debug\poligonoschidos.tlog\link-cvtres.read.1.tlog
c:\users\julio\desktop\magia\desarrollo\grafico\principiosdecg\poligonoschidos\x64\debug\poligonoschidos.tlog\link-cvtres.write.1.tlog
c:\users\julio\desktop\magia\desarrollo\grafico\principiosdecg\poligonoschidos\x64\debug\poligonoschidos.tlog\link-rc.read.1.tlog
c:\users\julio\desktop\magia\desarrollo\grafico\principiosdecg\poligonoschidos\x64\debug\poligonoschidos.tlog\link-rc.write.1.tlog
c:\users\julio\desktop\magia\desarrollo\grafico\principiosdecg\poligonoschidos\x64\debug\poligonoschidos.tlog\link.9356-cvtres.read.1.tlog
c:\users\julio\desktop\magia\desarrollo\grafico\principiosdecg\poligonoschidos\x64\debug\poligonoschidos.tlog\link.9356-cvtres.write.1.tlog
c:\users\julio\desktop\magia\desarrollo\grafico\principiosdecg\poligonoschidos\x64\debug\poligonoschidos.tlog\link.9356-rc.read.1.tlog
c:\users\julio\desktop\magia\desarrollo\grafico\principiosdecg\poligonoschidos\x64\debug\poligonoschidos.tlog\link.9356-rc.write.1.tlog
c:\users\julio\desktop\magia\desarrollo\grafico\principiosdecg\poligonoschidos\x64\debug\poligonoschidos.tlog\link.9356.read.1.tlog
c:\users\julio\desktop\magia\desarrollo\grafico\principiosdecg\poligonoschidos\x64\debug\poligonoschidos.tlog\link.9356.write.1.tlog
c:\users\julio\desktop\magia\desarrollo\grafico\principiosdecg\poligonoschidos\x64\debug\poligonoschidos.tlog\link.command.1.tlog
c:\users\julio\desktop\magia\desarrollo\grafico\principiosdecg\poligonoschidos\x64\debug\poligonoschidos.tlog\link.read.1.tlog
c:\users\julio\desktop\magia\desarrollo\grafico\principiosdecg\poligonoschidos\x64\debug\poligonoschidos.tlog\link.write.1.tlog
